# JRE version: Java(TM) SE Runtime Environment (8.0_271-b09) (build 1.8.0_271-b09)
# Java VM: Java HotSpot(TM) 64-Bit Server VM (25.271-b09 mixed mode windows-amd64 compressed oops)
Heap:
 PSYoungGen      total 137216K, used 9964K [0x00000000eb300000, 0x00000000f7380000, 0x0000000100000000)
  eden space 128000K, 1% used [0x00000000eb300000,0x00000000eb55f418,0x00000000f3000000)
  from space 9216K, 81% used [0x00000000f3000000,0x00000000f375bf08,0x00000000f3900000)
  to   space 10240K, 0% used [0x00000000f6980000,0x00000000f6980000,0x00000000f7380000)
 ParOldGen       total 34816K, used 9398K [0x00000000c1800000, 0x00000000c3a00000, 0x00000000eb300000)
  object space 34816K, 26% used [0x00000000c1800000,0x00000000c212d808,0x00000000c3a00000)
 Metaspace       used 26856K, capacity 28722K, committed 29056K, reserved 1075200K
  class space    used 3589K, capacity 3912K, committed 3968K, reserved 1048576K
GC Heap History (10 events):
Event: 1.245 GC heap before
{Heap before GC invocations=6 (full 0):
 PSYoungGen      total 35328K, used 35290K [0x00000000eb300000, 0x00000000f0000000, 0x0000000100000000)
  eden space 32768K, 99% used [0x00000000eb300000,0x00000000ed2fe218,0x00000000ed300000)
  from space 2560K, 98% used [0x00000000ed300000,0x00000000ed578780,0x00000000ed580000)
  to   space 6656K, 0% used [0x00000000ef980000,0x00000000ef980000,0x00000000f0000000)
 ParOldGen       total 44032K, used 5684K [0x00000000c1800000, 0x00000000c4300000, 0x00000000eb300000)
  object space 44032K, 12% used [0x00000000c1800000,0x00000000c1d8d2f0,0x00000000c4300000)
 Metaspace       used 16264K, capacity 17050K, committed 17280K, reserved 1064960K
  class space    used 2132K, capacity 2326K, committed 2432K, reserved 1048576K
Event: 1.251 GC heap after
Heap after GC invocations=6 (full 0):
 PSYoungGen      total 71168K, used 6136K [0x00000000eb300000, 0x00000000f0200000, 0x0000000100000000)
  eden space 64512K, 0% used [0x00000000eb300000,0x00000000eb300000,0x00000000ef200000)
  from space 6656K, 92% used [0x00000000ef980000,0x00000000eff7e208,0x00000000f0000000)
  to   space 7680K, 0% used [0x00000000ef200000,0x00000000ef200000,0x00000000ef980000)
 ParOldGen       total 44032K, used 5692K [0x00000000c1800000, 0x00000000c4300000, 0x00000000eb300000)
  object space 44032K, 12% used [0x00000000c1800000,0x00000000c1d8f2f0,0x00000000c4300000)
 Metaspace       used 16264K, capacity 17050K, committed 17280K, reserved 1064960K
  class space    used 2132K, capacity 2326K, committed 2432K, reserved 1048576K
}
Event: 1.518 GC heap before
{Heap before GC invocations=7 (full 0):
 PSYoungGen      total 71168K, used 70648K [0x00000000eb300000, 0x00000000f0200000, 0x0000000100000000)
  eden space 64512K, 100% used [0x00000000eb300000,0x00000000ef200000,0x00000000ef200000)
  from space 6656K, 92% used [0x00000000ef980000,0x00000000eff7e208,0x00000000f0000000)
  to   space 7680K, 0% used [0x00000000ef200000,0x00000000ef200000,0x00000000ef980000)
 ParOldGen       total 44032K, used 5692K [0x00000000c1800000, 0x00000000c4300000, 0x00000000eb300000)
  object space 44032K, 12% used [0x00000000c1800000,0x00000000c1d8f2f0,0x00000000c4300000)
 Metaspace       used 17365K, capacity 18246K, committed 18432K, reserved 1064960K
  class space    used 2282K, capacity 2502K, committed 2560K, reserved 1048576K
Event: 1.525 GC heap after
Heap after GC invocations=7 (full 0):
 PSYoungGen      total 72192K, used 6060K [0x00000000eb300000, 0x00000000f4100000, 0x0000000100000000)
  eden space 64512K, 0% used [0x00000000eb300000,0x00000000eb300000,0x00000000ef200000)
  from space 7680K, 78% used [0x00000000ef200000,0x00000000ef7eb0a0,0x00000000ef980000)
  to   space 8192K, 0% used [0x00000000f3900000,0x00000000f3900000,0x00000000f4100000)
 ParOldGen       total 44032K, used 6722K [0x00000000c1800000, 0x00000000c4300000, 0x00000000eb300000)
  object space 44032K, 15% used [0x00000000c1800000,0x00000000c1e90b10,0x00000000c4300000)
 Metaspace       used 17365K, capacity 18246K, committed 18432K, reserved 1064960K
  class space    used 2282K, capacity 2502K, committed 2560K, reserved 1048576K
}
Event: 1.978 GC heap before
{Heap before GC invocations=8 (full 0):
 PSYoungGen      total 72192K, used 47067K [0x00000000eb300000, 0x00000000f4100000, 0x0000000100000000)
  eden space 64512K, 63% used [0x00000000eb300000,0x00000000edb0bd90,0x00000000ef200000)
  from space 7680K, 78% used [0x00000000ef200000,0x00000000ef7eb0a0,0x00000000ef980000)
  to   space 8192K, 0% used [0x00000000f3900000,0x00000000f3900000,0x00000000f4100000)
 ParOldGen       total 44032K, used 6722K [0x00000000c1800000, 0x00000000c4300000, 0x00000000eb300000)
  object space 44032K, 15% used [0x00000000c1800000,0x00000000c1e90b10,0x00000000c4300000)
 Metaspace       used 19897K, capacity 21140K, committed 21248K, reserved 1067008K
  class space    used 2689K, capacity 2969K, committed 3072K, reserved 1048576K
Event: 1.986 GC heap after
Heap after GC invocations=8 (full 0):
 PSYoungGen      total 136192K, used 7580K [0x00000000eb300000, 0x00000000f4300000, 0x0000000100000000)
  eden space 128000K, 0% used [0x00000000eb300000,0x00000000eb300000,0x00000000f3000000)
  from space 8192K, 92% used [0x00000000f3900000,0x00000000f4067180,0x00000000f4100000)
  to   space 9216K, 0% used [0x00000000f3000000,0x00000000f3000000,0x00000000f3900000)
 ParOldGen       total 44032K, used 6906K [0x00000000c1800000, 0x00000000c4300000, 0x00000000eb300000)
  object space 44032K, 15% used [0x00000000c1800000,0x00000000c1ebeb10,0x00000000c4300000)
 Metaspace       used 19897K, capacity 21140K, committed 21248K, reserved 1067008K
  class space    used 2689K, capacity 2969K, committed 3072K, reserved 1048576K
}
Event: 1.986 GC heap before
{Heap before GC invocations=9 (full 1):
 PSYoungGen      total 136192K, used 7580K [0x00000000eb300000, 0x00000000f4300000, 0x0000000100000000)
  eden space 128000K, 0% used [0x00000000eb300000,0x00000000eb300000,0x00000000f3000000)
  from space 8192K, 92% used [0x00000000f3900000,0x00000000f4067180,0x00000000f4100000)
  to   space 9216K, 0% used [0x00000000f3000000,0x00000000f3000000,0x00000000f3900000)
 ParOldGen       total 44032K, used 6906K [0x00000000c1800000, 0x00000000c4300000, 0x00000000eb300000)
  object space 44032K, 15% used [0x00000000c1800000,0x00000000c1ebeb10,0x00000000c4300000)
 Metaspace       used 19897K, capacity 21140K, committed 21248K, reserved 1067008K
  class space    used 2689K, capacity 2969K, committed 3072K, reserved 1048576K
Event: 2.026 GC heap after
Heap after GC invocations=9 (full 1):
 PSYoungGen      total 136192K, used 0K [0x00000000eb300000, 0x00000000f4300000, 0x0000000100000000)
  eden space 128000K, 0% used [0x00000000eb300000,0x00000000eb300000,0x00000000f3000000)
  from space 8192K, 0% used [0x00000000f3900000,0x00000000f3900000,0x00000000f4100000)
  to   space 9216K, 0% used [0x00000000f3000000,0x00000000f3000000,0x00000000f3900000)
 ParOldGen       total 34816K, used 9390K [0x00000000c1800000, 0x00000000c3a00000, 0x00000000eb300000)
  object space 34816K, 26% used [0x00000000c1800000,0x00000000c212b808,0x00000000c3a00000)
 Metaspace       used 19897K, capacity 21140K, committed 21248K, reserved 1067008K
  class space    used 2689K, capacity 2969K, committed 3072K, reserved 1048576K
}
Event: 2.910 GC heap before
{Heap before GC invocations=10 (full 1):
 PSYoungGen      total 136192K, used 128000K [0x00000000eb300000, 0x00000000f4300000, 0x0000000100000000)
  eden space 128000K, 100% used [0x00000000eb300000,0x00000000f3000000,0x00000000f3000000)
  from space 8192K, 0% used [0x00000000f3900000,0x00000000f3900000,0x00000000f4100000)
  to   space 9216K, 0% used [0x00000000f3000000,0x00000000f3000000,0x00000000f3900000)
 ParOldGen       total 34816K, used 9390K [0x00000000c1800000, 0x00000000c3a00000, 0x00000000eb300000)
  object space 34816K, 26% used [0x00000000c1800000,0x00000000c212b808,0x00000000c3a00000)
 Metaspace       used 25930K, capacity 27794K, committed 27904K, reserved 1073152K
  class space    used 3488K, capacity 3816K, committed 3840K, reserved 1048576K
Event: 2.919 GC heap after
Heap after GC invocations=10 (full 1):
 PSYoungGen      total 137216K, used 7535K [0x00000000eb300000, 0x00000000f7380000, 0x0000000100000000)
  eden space 128000K, 0% used [0x00000000eb300000,0x00000000eb300000,0x00000000f3000000)
  from space 9216K, 81% used [0x00000000f3000000,0x00000000f375bf08,0x00000000f3900000)
  to   space 10240K, 0% used [0x00000000f6980000,0x00000000f6980000,0x00000000f7380000)
 ParOldGen       total 34816K, used 9398K [0x00000000c1800000, 0x00000000c3a00000, 0x00000000eb300000)
  object space 34816K, 26% used [0x00000000c1800000,0x00000000c212d808,0x00000000c3a00000)
 Metaspace       used 25930K, capacity 27794K, committed 27904K, reserved 1073152K
  class space    used 3488K, capacity 3816K, committed 3840K, reserved 1048576K
}

